000 (4249049.000.000) 2024-09-22 13:45:07 Job submitted from host: <131.169.223.41:9618?addrs=131.169.223.41-9618+[2001-638-700-10df--1-29]-9618&alias=bird-htc-sched21.desy.de&noUDP&sock=schedd_3603117_2564>
...
040 (4249049.000.000) 2024-09-22 13:46:49 Started transferring input files
	Transferring to host: <131.169.162.116:42695?addrs=131.169.162.116-42695+[2001-638-700-10a0--1-274]-42695&alias=batch1554.desy.de>
...
040 (4249049.000.000) 2024-09-22 13:46:49 Finished transferring input files
...
001 (4249049.000.000) 2024-09-22 13:46:50 Job executing on host: <131.169.162.116:44155?addrs=131.169.162.116-44155+[2001-638-700-10a0--1-274]-44155&alias=batch1554.desy.de>
	SlotName: slot2_16@batch1554.desy.de
	CondorScratchDir = "/var/lib/condor/execute/dir_1845392"
	Cpus = 1
	Disk = 20482623
	GPUs = 0
	Memory = 1536
...
006 (4249049.000.000) 2024-09-22 13:46:58 Image size of job updated: 616020
	602  -  MemoryUsage of job (MB)
	616012  -  ResidentSetSize of job (KB)
...
006 (4249049.000.000) 2024-09-22 13:51:58 Image size of job updated: 666744
	602  -  MemoryUsage of job (MB)
	616012  -  ResidentSetSize of job (KB)
...
006 (4249049.000.000) 2024-09-22 14:12:00 Image size of job updated: 690264
	675  -  MemoryUsage of job (MB)
	690264  -  ResidentSetSize of job (KB)
...
006 (4249049.000.000) 2024-09-22 14:17:01 Image size of job updated: 708336
	675  -  MemoryUsage of job (MB)
	690264  -  ResidentSetSize of job (KB)
...
006 (4249049.000.000) 2024-09-22 14:22:01 Image size of job updated: 1131392
	801  -  MemoryUsage of job (MB)
	819876  -  ResidentSetSize of job (KB)
...
006 (4249049.000.000) 2024-09-22 14:24:21 Image size of job updated: 1208304
	803  -  MemoryUsage of job (MB)
	822032  -  ResidentSetSize of job (KB)
...
040 (4249049.000.000) 2024-09-22 14:24:21 Started transferring output files
...
040 (4249049.000.000) 2024-09-22 14:24:21 Finished transferring output files
...
005 (4249049.000.000) 2024-09-22 14:24:21 Job terminated.
	(1) Normal termination (return value 0)
		Usr 0 00:35:00, Sys 0 00:01:08  -  Run Remote Usage
		Usr 0 00:00:00, Sys 0 00:00:00  -  Run Local Usage
		Usr 0 00:35:00, Sys 0 00:01:08  -  Total Remote Usage
		Usr 0 00:00:00, Sys 0 00:00:00  -  Total Local Usage
	368508  -  Run Bytes Sent By Job
	342  -  Run Bytes Received By Job
	368508  -  Total Bytes Sent By Job
	342  -  Total Bytes Received By Job
	Partitionable Resources :    Usage  Request Allocated 
	   Cpus                 :     0.88        1         1 
	   Disk (KB)            :   382    20480000  20482623 
	   GPUs                 :                           0 
	   Memory (MB)          :   803        1536      1536 
	   TimeExecute (s)      :  2251                       
	   TimeSlotBusy (s)     :  2253                       

	Job terminated of its own accord at 2024-09-22T12:24:21Z with exit-code 0.
...
